<?xml version="1.0" encoding="UTF-8"?>
<!-- Generated by org.testng.reporters.JUnitReportReporter -->
<testsuite hostname="DESKTOP-B7ASSS1" failures="0" tests="1" name="Grouping.C" time="0.051" errors="0" timestamp="2024-02-01T14:55:26 IST" skipped="0">
  <testcase classname="Grouping.C" name="R1" time="0.051"/>
  <system-out/>
</testsuite> <!-- Grouping.C -->
