<?xml version="1.0" encoding="UTF-8"?>
<!-- Generated by org.testng.reporters.JUnitReportReporter -->
<testsuite hostname="DESKTOP-B7ASSS1" failures="0" tests="3" name="Practice.PriorityCharacters" time="0.023" errors="0" timestamp="2024-02-01T01:32:18 IST" skipped="0">
  <testcase classname="Practice.PriorityCharacters" name="varifyLogin" time="0.013"/>
  <system-out/>
  <testcase classname="Practice.PriorityCharacters" name="launchBrowser" time="0.003"/>
  <system-out/>
  <testcase classname="Practice.PriorityCharacters" name="getUrl" time="0.007"/>
  <system-out/>
</testsuite> <!-- Practice.PriorityCharacters -->
