<?xml version="1.0" encoding="UTF-8"?>
<!-- Generated by org.testng.reporters.JUnitReportReporter -->
<testsuite hostname="DESKTOP-B7ASSS1" failures="0" tests="1" name="Practice.BB" time="0.002" errors="0" timestamp="2024-01-30T18:06:13 IST" skipped="0">
  <testcase classname="Practice.BB" name="p1" time="0.002"/>
  <system-out/>
</testsuite> <!-- Practice.BB -->
