<?xml version="1.0" encoding="UTF-8"?>
<!-- Generated by org.testng.reporters.JUnitReportReporter -->
<testsuite hostname="DESKTOP-B7ASSS1" failures="0" tests="2" name="Grouping.A" time="0.010" errors="0" timestamp="2024-02-01T14:54:38 IST" skipped="0">
  <testcase classname="Grouping.A" name="varifyLogin" time="0.006"/>
  <system-out/>
  <testcase classname="Grouping.A" name="launchBrowser" time="0.004"/>
  <system-out/>
</testsuite> <!-- Grouping.A -->
