<?xml version="1.0" encoding="UTF-8"?>
<!-- Generated by org.testng.reporters.JUnitReportReporter -->
<testsuite hostname="DESKTOP-B7ASSS1" failures="0" tests="2" name="Practice.DependOnMethod" time="0.011" errors="0" timestamp="2024-01-31T17:31:41 IST" skipped="0">
  <testcase classname="Practice.DependOnMethod" name="varifyLogin" time="0.001"/>
  <system-out/>
  <testcase classname="Practice.DependOnMethod" name="enterDetails" time="0.010"/>
  <system-out/>
</testsuite> <!-- Practice.DependOnMethod -->
