<?xml version="1.0" encoding="UTF-8"?>
<!-- Generated by org.testng.reporters.JUnitReportReporter -->
<testsuite hostname="DESKTOP-B7ASSS1" failures="0" tests="1" name="Prachi.P" time="0.010" errors="0" timestamp="2024-02-01T01:41:44 IST" skipped="0">
  <testcase classname="Prachi.P" name="login" time="0.010"/>
  <system-out/>
</testsuite> <!-- Prachi.P -->
