<?xml version="1.0" encoding="UTF-8"?>
<!-- Generated by org.testng.reporters.JUnitReportReporter -->
<testsuite hostname="DESKTOP-B7ASSS1" failures="0" tests="1" name="Assersion.AssertNotEqualExample" time="0.021" errors="0" timestamp="2024-02-01T15:43:36 IST" skipped="0">
  <testcase classname="Assersion.AssertNotEqualExample" name="m1" time="0.021"/>
  <system-out/>
</testsuite> <!-- Assersion.AssertNotEqualExample -->
