<?xml version="1.0" encoding="UTF-8"?>
<!-- Generated by org.testng.reporters.JUnitReportReporter -->
<testsuite hostname="DESKTOP-B7ASSS1" failures="0" tests="3" name="Practice.B" time="0.026" errors="0" timestamp="2024-01-31T14:26:20 IST" skipped="0">
  <testcase classname="Practice.B" name="launchBrowser" time="0.015"/>
  <system-out/>
  <testcase classname="Practice.B" name="getUrl" time="0.003"/>
  <system-out/>
  <testcase classname="Practice.B" name="varifyLogin" time="0.008"/>
  <system-out/>
</testsuite> <!-- Practice.B -->
