<?xml version="1.0" encoding="UTF-8"?>
<!-- Generated by org.testng.reporters.JUnitReportReporter -->
<testsuite hostname="DESKTOP-B7ASSS1" failures="0" tests="1" name="Assersion.AssersionExample" time="0.017" errors="0" timestamp="2024-02-01T15:21:29 IST" skipped="0">
  <testcase classname="Assersion.AssersionExample" name="m1" time="0.017"/>
  <system-out/>
</testsuite> <!-- Assersion.AssersionExample -->
