<?xml version="1.0" encoding="UTF-8"?>
<!-- Generated by org.testng.reporters.JUnitReportReporter -->
<testsuite hostname="DESKTOP-B7ASSS1" failures="0" tests="1" name="Practice.A" time="0.011" errors="0" timestamp="2024-01-31T10:17:27 IST" skipped="0">
  <testcase classname="Practice.A" name="m2" time="0.011"/>
  <system-out/>
</testsuite> <!-- Practice.A -->
