<?xml version="1.0" encoding="UTF-8"?>
<!-- Generated by org.testng.reporters.JUnitReportReporter -->
<testsuite hostname="DESKTOP-B7ASSS1" failures="0" tests="2" name="Practice.AA" time="0.043" errors="0" timestamp="2024-01-30T23:50:28 IST" skipped="0">
  <testcase classname="Practice.AA" name="m1" time="0.026"/>
  <system-out/>
  <testcase classname="Practice.AA" name="m2" time="0.017"/>
  <system-out/>
</testsuite> <!-- Practice.AA -->
