<?xml version="1.0" encoding="UTF-8"?>
<!-- Generated by org.testng.reporters.JUnitReportReporter -->
<testsuite hostname="DESKTOP-B7ASSS1" failures="0" tests="6" name="Assersion.AssertExample" time="0.061" errors="0" timestamp="2024-02-01T23:41:00 IST" skipped="0">
  <testcase classname="Assersion.AssertExample" name="m3" time="0.008"/>
  <system-out/>
  <testcase classname="Assersion.AssertExample" name="m7" time="0.013"/>
  <system-out/>
  <testcase classname="Assersion.AssertExample" name="m8" time="0.004"/>
  <system-out/>
  <testcase classname="Assersion.AssertExample" name="m1" time="0.022"/>
  <system-out/>
  <testcase classname="Assersion.AssertExample" name="m2" time="0.010"/>
  <system-out/>
  <testcase classname="Assersion.AssertExample" name="m5" time="0.004"/>
  <system-out/>
</testsuite> <!-- Assersion.AssertExample -->
